This file contains any messages produced by compilers while
running configure, to aid debugging if configure makes a mistake.

It was created by OpenVPN configure 2.0.5, which was
generated by GNU Autoconf 2.59.  Invocation command line was

  $ ./configure --enable-pthread --enable-password-save --host=i486-linux-gnu --build=i486-linux-gnu --prefix=/usr --mandir=${prefix}/share/man

## --------- ##
## Platform. ##
## --------- ##

hostname = var
uname -m = i686
uname -r = 2.6.14-rc4
uname -s = Linux
uname -v = #1 PREEMPT Mon Oct 24 11:00:50 CEST 2005

/usr/bin/uname -p = unknown
/bin/uname -X     = unknown

/bin/arch              = i686
/usr/bin/arch -k       = unknown
/usr/convex/getsysinfo = unknown
hostinfo               = unknown
/bin/machine           = unknown
/usr/bin/oslevel       = unknown
/bin/universe          = unknown

PATH: ~/.bin
PATH: /usr/local/bin
PATH: /usr/bin
PATH: /bin
PATH: /usr/bin/X11
PATH: /usr/games
PATH: /usr/sbin
PATH: /sbin


## ----------- ##
## Core tests. ##
## ----------- ##

configure:1568: checking for ifconfig
configure:1587: found /sbin/ifconfig
configure:1600: result: /sbin/ifconfig
configure:1623: checking for ip
configure:1642: found /bin/ip
configure:1655: result: /bin/ip
configure:1679: checking for route
configure:1698: found /sbin/route
configure:1711: result: /sbin/route
configure:1765: checking build system type
configure:1783: result: i486-pc-linux-gnu
configure:1791: checking host system type
configure:1805: result: i486-pc-linux-gnu
configure:1813: checking target system type
configure:1827: result: i486-pc-linux-gnu
configure:1855: checking for a BSD-compatible install
configure:1910: result: /usr/bin/install -c
configure:1921: checking whether build environment is sane
configure:1964: result: yes
configure:2021: checking for gawk
configure:2037: found /usr/bin/gawk
configure:2047: result: gawk
configure:2057: checking whether make sets $(MAKE)
configure:2077: result: yes
configure:2323: checking for i486-linux-gnu-gcc
configure:2339: found /usr/bin/i486-linux-gnu-gcc
configure:2349: result: i486-linux-gnu-gcc
configure:2631: checking for C compiler version
configure:2634: i486-linux-gnu-gcc --version </dev/null >&5
i486-linux-gnu-gcc (GCC) 4.0.3 20051023 (prerelease) (Debian 4.0.2-3)
Copyright (C) 2005 Free Software Foundation, Inc.
This is free software; see the source for copying conditions.  There is NO
warranty; not even for MERCHANTABILITY or FITNESS FOR A PARTICULAR PURPOSE.

configure:2637: $? = 0
configure:2639: i486-linux-gnu-gcc -v </dev/null >&5
Using built-in specs.
Target: i486-linux-gnu
Configured with: ../src/configure -v --enable-languages=c,c++,java,f95,objc,ada,treelang --prefix=/usr --enable-shared --with-system-zlib --libexecdir=/usr/lib --without-included-gettext --enable-threads=posix --enable-nls --program-suffix=-4.0 --enable-__cxa_atexit --enable-libstdcxx-allocator=mt --enable-clocale=gnu --enable-libstdcxx-debug --enable-java-gc=boehm --enable-java-awt=gtk --enable-gtk-cairo --with-java-home=/usr/lib/jvm/java-1.4.2-gcj-4.0-1.4.2.0/jre --enable-mpfr --disable-werror --enable-checking=release i486-linux-gnu
Thread model: posix
gcc version 4.0.3 20051023 (prerelease) (Debian 4.0.2-3)
configure:2642: $? = 0
configure:2644: i486-linux-gnu-gcc -V </dev/null >&5
i486-linux-gnu-gcc: '-V' option must have argument
configure:2647: $? = 1
configure:2670: checking for C compiler default output file name
configure:2673: i486-linux-gnu-gcc   -I.    conftest.c  >&5
configure:2676: $? = 0
configure:2722: result: a.out
configure:2727: checking whether the C compiler works
configure:2733: ./a.out
configure:2736: $? = 0
configure:2753: result: yes
configure:2760: checking whether we are cross compiling
configure:2762: result: no
configure:2765: checking for suffix of executables
configure:2767: i486-linux-gnu-gcc -o conftest   -I.    conftest.c  >&5
configure:2770: $? = 0
configure:2795: result: 
configure:2801: checking for suffix of object files
configure:2822: i486-linux-gnu-gcc -c   -I.   conftest.c >&5
configure:2825: $? = 0
configure:2847: result: o
configure:2851: checking whether we are using the GNU C compiler
configure:2875: i486-linux-gnu-gcc -c   -I.   conftest.c >&5
configure:2881: $? = 0
configure:2885: test -z 
			 || test ! -s conftest.err
configure:2888: $? = 0
configure:2891: test -s conftest.o
configure:2894: $? = 0
configure:2907: result: yes
configure:2913: checking whether i486-linux-gnu-gcc accepts -g
configure:2934: i486-linux-gnu-gcc -c -g  -I.   conftest.c >&5
configure:2940: $? = 0
configure:2944: test -z 
			 || test ! -s conftest.err
configure:2947: $? = 0
configure:2950: test -s conftest.o
configure:2953: $? = 0
configure:2964: result: yes
configure:2981: checking for i486-linux-gnu-gcc option to accept ANSI C
configure:3051: i486-linux-gnu-gcc  -c -g -O2  -I.   conftest.c >&5
configure:3057: $? = 0
configure:3061: test -z 
			 || test ! -s conftest.err
configure:3064: $? = 0
configure:3067: test -s conftest.o
configure:3070: $? = 0
configure:3088: result: none needed
configure:3106: i486-linux-gnu-gcc -c -g -O2  -I.   conftest.c >&5
conftest.c:2: error: syntax error before 'me'
configure:3112: $? = 1
configure: failed program was:
| #ifndef __cplusplus
|   choke me
| #endif
configure:3256: checking for style of include used by make
configure:3284: result: GNU
configure:3312: checking dependency style of i486-linux-gnu-gcc
configure:3397: result: gcc3
configure:3427: checking for a BSD-compatible install
configure:3482: result: /usr/bin/install -c
configure:3499: checking how to run the C preprocessor
configure:3534: i486-linux-gnu-gcc -E  -I.   conftest.c
configure:3540: $? = 0
configure:3572: i486-linux-gnu-gcc -E  -I.   conftest.c
conftest.c:16:28: error: ac_nonexistent.h: No such file or directory
configure:3578: $? = 1
configure: failed program was:
| /* confdefs.h.  */
| 
| #define PACKAGE_NAME "OpenVPN"
| #define PACKAGE_TARNAME "openvpn"
| #define PACKAGE_VERSION "2.0.5"
| #define PACKAGE_STRING "OpenVPN 2.0.5"
| #define PACKAGE_BUGREPORT "openvpn-users@lists.sourceforge.net"
| #define IFCONFIG_PATH "/sbin/ifconfig"
| #define IPROUTE_PATH "/bin/ip"
| #define ROUTE_PATH "/sbin/route"
| #define PACKAGE "openvpn"
| #define VERSION "2.0.5"
| #define TARGET_ALIAS "i486-pc-linux-gnu"
| #define TARGET_LINUX 1
| /* end confdefs.h.  */
| #include <ac_nonexistent.h>
configure:3617: result: i486-linux-gnu-gcc -E
configure:3641: i486-linux-gnu-gcc -E  -I.   conftest.c
configure:3647: $? = 0
configure:3679: i486-linux-gnu-gcc -E  -I.   conftest.c
conftest.c:16:28: error: ac_nonexistent.h: No such file or directory
configure:3685: $? = 1
configure: failed program was:
| /* confdefs.h.  */
| 
| #define PACKAGE_NAME "OpenVPN"
| #define PACKAGE_TARNAME "openvpn"
| #define PACKAGE_VERSION "2.0.5"
| #define PACKAGE_STRING "OpenVPN 2.0.5"
| #define PACKAGE_BUGREPORT "openvpn-users@lists.sourceforge.net"
| #define IFCONFIG_PATH "/sbin/ifconfig"
| #define IPROUTE_PATH "/bin/ip"
| #define ROUTE_PATH "/sbin/route"
| #define PACKAGE "openvpn"
| #define VERSION "2.0.5"
| #define TARGET_ALIAS "i486-pc-linux-gnu"
| #define TARGET_LINUX 1
| /* end confdefs.h.  */
| #include <ac_nonexistent.h>
configure:3729: checking for egrep
configure:3739: result: grep -E
configure:3745: checking whether i486-linux-gnu-gcc needs -traditional
configure:3787: result: no
configure:3795: checking for ANSI C header files
configure:3820: i486-linux-gnu-gcc -c -g -O2  -I.   conftest.c >&5
configure:3826: $? = 0
configure:3830: test -z 
			 || test ! -s conftest.err
configure:3833: $? = 0
configure:3836: test -s conftest.o
configure:3839: $? = 0
configure:3928: i486-linux-gnu-gcc -o conftest -g -O2  -I.    conftest.c  >&5
conftest.c: In function 'main':
conftest.c:33: warning: incompatible implicit declaration of built-in function 'exit'
configure:3931: $? = 0
configure:3933: ./conftest
configure:3936: $? = 0
configure:3951: result: yes
configure:3962: checking for an ANSI C-conforming const
configure:4029: i486-linux-gnu-gcc -c -g -O2  -I.   conftest.c >&5
configure:4035: $? = 0
configure:4039: test -z 
			 || test ! -s conftest.err
configure:4042: $? = 0
configure:4045: test -s conftest.o
configure:4048: $? = 0
configure:4059: result: yes
configure:4069: checking for inline
configure:4090: i486-linux-gnu-gcc -c -g -O2  -I.   conftest.c >&5
configure:4096: $? = 0
configure:4100: test -z 
			 || test ! -s conftest.err
configure:4103: $? = 0
configure:4106: test -s conftest.o
configure:4109: $? = 0
configure:4121: result: inline
configure:4140: checking for working volatile
configure:4163: i486-linux-gnu-gcc -c -g -O2  -I.   conftest.c >&5
configure:4169: $? = 0
configure:4173: test -z 
			 || test ! -s conftest.err
configure:4176: $? = 0
configure:4179: test -s conftest.o
configure:4182: $? = 0
configure:4193: result: yes
configure:4217: checking for sys/types.h
configure:4233: i486-linux-gnu-gcc -c -g -O2  -I.   conftest.c >&5
configure:4239: $? = 0
configure:4243: test -z 
			 || test ! -s conftest.err
configure:4246: $? = 0
configure:4249: test -s conftest.o
configure:4252: $? = 0
configure:4263: result: yes
configure:4217: checking for sys/stat.h
configure:4233: i486-linux-gnu-gcc -c -g -O2  -I.   conftest.c >&5
configure:4239: $? = 0
configure:4243: test -z 
			 || test ! -s conftest.err
configure:4246: $? = 0
configure:4249: test -s conftest.o
configure:4252: $? = 0
configure:4263: result: yes
configure:4217: checking for stdlib.h
configure:4233: i486-linux-gnu-gcc -c -g -O2  -I.   conftest.c >&5
configure:4239: $? = 0
configure:4243: test -z 
			 || test ! -s conftest.err
configure:4246: $? = 0
configure:4249: test -s conftest.o
configure:4252: $? = 0
configure:4263: result: yes
configure:4217: checking for string.h
configure:4233: i486-linux-gnu-gcc -c -g -O2  -I.   conftest.c >&5
configure:4239: $? = 0
configure:4243: test -z 
			 || test ! -s conftest.err
configure:4246: $? = 0
configure:4249: test -s conftest.o
configure:4252: $? = 0
configure:4263: result: yes
configure:4217: checking for memory.h
configure:4233: i486-linux-gnu-gcc -c -g -O2  -I.   conftest.c >&5
configure:4239: $? = 0
configure:4243: test -z 
			 || test ! -s conftest.err
configure:4246: $? = 0
configure:4249: test -s conftest.o
configure:4252: $? = 0
configure:4263: result: yes
configure:4217: checking for strings.h
configure:4233: i486-linux-gnu-gcc -c -g -O2  -I.   conftest.c >&5
configure:4239: $? = 0
configure:4243: test -z 
			 || test ! -s conftest.err
configure:4246: $? = 0
configure:4249: test -s conftest.o
configure:4252: $? = 0
configure:4263: result: yes
configure:4217: checking for inttypes.h
configure:4233: i486-linux-gnu-gcc -c -g -O2  -I.   conftest.c >&5
configure:4239: $? = 0
configure:4243: test -z 
			 || test ! -s conftest.err
configure:4246: $? = 0
configure:4249: test -s conftest.o
configure:4252: $? = 0
configure:4263: result: yes
configure:4217: checking for stdint.h
configure:4233: i486-linux-gnu-gcc -c -g -O2  -I.   conftest.c >&5
configure:4239: $? = 0
configure:4243: test -z 
			 || test ! -s conftest.err
configure:4246: $? = 0
configure:4249: test -s conftest.o
configure:4252: $? = 0
configure:4263: result: yes
configure:4217: checking for unistd.h
configure:4233: i486-linux-gnu-gcc -c -g -O2  -I.   conftest.c >&5
configure:4239: $? = 0
configure:4243: test -z 
			 || test ! -s conftest.err
configure:4246: $? = 0
configure:4249: test -s conftest.o
configure:4252: $? = 0
configure:4263: result: yes
configure:4275: checking for off_t
configure:4299: i486-linux-gnu-gcc -c -g -O2  -I.   conftest.c >&5
configure:4305: $? = 0
configure:4309: test -z 
			 || test ! -s conftest.err
configure:4312: $? = 0
configure:4315: test -s conftest.o
configure:4318: $? = 0
configure:4329: result: yes
configure:4341: checking for pid_t
configure:4365: i486-linux-gnu-gcc -c -g -O2  -I.   conftest.c >&5
configure:4371: $? = 0
configure:4375: test -z 
			 || test ! -s conftest.err
configure:4378: $? = 0
configure:4381: test -s conftest.o
configure:4384: $? = 0
configure:4395: result: yes
configure:4407: checking for size_t
configure:4431: i486-linux-gnu-gcc -c -g -O2  -I.   conftest.c >&5
configure:4437: $? = 0
configure:4441: test -z 
			 || test ! -s conftest.err
configure:4444: $? = 0
configure:4447: test -s conftest.o
configure:4450: $? = 0
configure:4461: result: yes
configure:4473: checking for uid_t in sys/types.h
configure:4496: result: yes
configure:4511: checking whether time.h and sys/time.h may both be included
configure:4536: i486-linux-gnu-gcc -c -g -O2  -I.   conftest.c >&5
configure:4542: $? = 0
configure:4546: test -z 
			 || test ! -s conftest.err
configure:4549: $? = 0
configure:4552: test -s conftest.o
configure:4555: $? = 0
configure:4566: result: yes
configure:4576: checking for ISO C 1999 vararg macro support
configure:4589: i486-linux-gnu-gcc -c -g -O2  -I.   conftest.c >&5
configure:4595: $? = 0
configure:4599: test -z 
			 || test ! -s conftest.err
configure:4602: $? = 0
configure:4605: test -s conftest.o
configure:4608: $? = 0
configure:4619: result: yes
configure:4629: checking for GNU GCC vararg macro support
configure:4642: i486-linux-gnu-gcc -c -g -O2  -I.   conftest.c >&5
configure:4648: $? = 0
configure:4652: test -z 
			 || test ! -s conftest.err
configure:4655: $? = 0
configure:4658: test -s conftest.o
configure:4661: $? = 0
configure:4672: result: yes
configure:4683: result: checking for C compiler empty array support
configure:4691: i486-linux-gnu-gcc -c -g -O2  -I.   conftest.c >&5
configure:4697: $? = 0
configure:4701: test -z 
			 || test ! -s conftest.err
configure:4704: $? = 0
configure:4707: test -s conftest.o
configure:4710: $? = 0
configure:4775: checking for sys/wait.h that is POSIX.1 compatible
configure:4806: i486-linux-gnu-gcc -c -g -O2  -I.   conftest.c >&5
configure:4812: $? = 0
configure:4816: test -z 
			 || test ! -s conftest.err
configure:4819: $? = 0
configure:4822: test -s conftest.o
configure:4825: $? = 0
configure:4836: result: yes
configure:4897: checking sys/time.h usability
configure:4909: i486-linux-gnu-gcc -c -g -O2  -I.   conftest.c >&5
configure:4915: $? = 0
configure:4919: test -z 
			 || test ! -s conftest.err
configure:4922: $? = 0
configure:4925: test -s conftest.o
configure:4928: $? = 0
configure:4938: result: yes
configure:4942: checking sys/time.h presence
configure:4952: i486-linux-gnu-gcc -E  -I.   conftest.c
configure:4958: $? = 0
configure:4978: result: yes
configure:4993: checking for sys/time.h
configure:5000: result: yes
configure:4897: checking sys/socket.h usability
configure:4909: i486-linux-gnu-gcc -c -g -O2  -I.   conftest.c >&5
configure:4915: $? = 0
configure:4919: test -z 
			 || test ! -s conftest.err
configure:4922: $? = 0
configure:4925: test -s conftest.o
configure:4928: $? = 0
configure:4938: result: yes
configure:4942: checking sys/socket.h presence
configure:4952: i486-linux-gnu-gcc -E  -I.   conftest.c
configure:4958: $? = 0
configure:4978: result: yes
configure:4993: checking for sys/socket.h
configure:5000: result: yes
configure:4897: checking sys/ioctl.h usability
configure:4909: i486-linux-gnu-gcc -c -g -O2  -I.   conftest.c >&5
configure:4915: $? = 0
configure:4919: test -z 
			 || test ! -s conftest.err
configure:4922: $? = 0
configure:4925: test -s conftest.o
configure:4928: $? = 0
configure:4938: result: yes
configure:4942: checking sys/ioctl.h presence
configure:4952: i486-linux-gnu-gcc -E  -I.   conftest.c
configure:4958: $? = 0
configure:4978: result: yes
configure:4993: checking for sys/ioctl.h
configure:5000: result: yes
configure:4888: checking for sys/stat.h
configure:4893: result: yes
configure:4897: checking sys/mman.h usability
configure:4909: i486-linux-gnu-gcc -c -g -O2  -I.   conftest.c >&5
configure:4915: $? = 0
configure:4919: test -z 
			 || test ! -s conftest.err
configure:4922: $? = 0
configure:4925: test -s conftest.o
configure:4928: $? = 0
configure:4938: result: yes
configure:4942: checking sys/mman.h presence
configure:4952: i486-linux-gnu-gcc -E  -I.   conftest.c
configure:4958: $? = 0
configure:4978: result: yes
configure:4993: checking for sys/mman.h
configure:5000: result: yes
configure:4897: checking fcntl.h usability
configure:4909: i486-linux-gnu-gcc -c -g -O2  -I.   conftest.c >&5
configure:4915: $? = 0
configure:4919: test -z 
			 || test ! -s conftest.err
configure:4922: $? = 0
configure:4925: test -s conftest.o
configure:4928: $? = 0
configure:4938: result: yes
configure:4942: checking fcntl.h presence
configure:4952: i486-linux-gnu-gcc -E  -I.   conftest.c
configure:4958: $? = 0
configure:4978: result: yes
configure:4993: checking for fcntl.h
configure:5000: result: yes
configure:4897: checking sys/file.h usability
configure:4909: i486-linux-gnu-gcc -c -g -O2  -I.   conftest.c >&5
configure:4915: $? = 0
configure:4919: test -z 
			 || test ! -s conftest.err
configure:4922: $? = 0
configure:4925: test -s conftest.o
configure:4928: $? = 0
configure:4938: result: yes
configure:4942: checking sys/file.h presence
configure:4952: i486-linux-gnu-gcc -E  -I.   conftest.c
configure:4958: $? = 0
configure:4978: result: yes
configure:4993: checking for sys/file.h
configure:5000: result: yes
configure:4888: checking for stdlib.h
configure:4893: result: yes
configure:4888: checking for stdint.h
configure:4893: result: yes
configure:4897: checking stdarg.h usability
configure:4909: i486-linux-gnu-gcc -c -g -O2  -I.   conftest.c >&5
configure:4915: $? = 0
configure:4919: test -z 
			 || test ! -s conftest.err
configure:4922: $? = 0
configure:4925: test -s conftest.o
configure:4928: $? = 0
configure:4938: result: yes
configure:4942: checking stdarg.h presence
configure:4952: i486-linux-gnu-gcc -E  -I.   conftest.c
configure:4958: $? = 0
configure:4978: result: yes
configure:4993: checking for stdarg.h
configure:5000: result: yes
configure:4888: checking for unistd.h
configure:4893: result: yes
configure:4897: checking signal.h usability
configure:4909: i486-linux-gnu-gcc -c -g -O2  -I.   conftest.c >&5
configure:4915: $? = 0
configure:4919: test -z 
			 || test ! -s conftest.err
configure:4922: $? = 0
configure:4925: test -s conftest.o
configure:4928: $? = 0
configure:4938: result: yes
configure:4942: checking signal.h presence
configure:4952: i486-linux-gnu-gcc -E  -I.   conftest.c
configure:4958: $? = 0
configure:4978: result: yes
configure:4993: checking for signal.h
configure:5000: result: yes
configure:4897: checking stdio.h usability
configure:4909: i486-linux-gnu-gcc -c -g -O2  -I.   conftest.c >&5
configure:4915: $? = 0
configure:4919: test -z 
			 || test ! -s conftest.err
configure:4922: $? = 0
configure:4925: test -s conftest.o
configure:4928: $? = 0
configure:4938: result: yes
configure:4942: checking stdio.h presence
configure:4952: i486-linux-gnu-gcc -E  -I.   conftest.c
configure:4958: $? = 0
configure:4978: result: yes
configure:4993: checking for stdio.h
configure:5000: result: yes
configure:4888: checking for string.h
configure:4893: result: yes
configure:4888: checking for strings.h
configure:4893: result: yes
configure:4897: checking ctype.h usability
configure:4909: i486-linux-gnu-gcc -c -g -O2  -I.   conftest.c >&5
configure:4915: $? = 0
configure:4919: test -z 
			 || test ! -s conftest.err
configure:4922: $? = 0
configure:4925: test -s conftest.o
configure:4928: $? = 0
configure:4938: result: yes
configure:4942: checking ctype.h presence
configure:4952: i486-linux-gnu-gcc -E  -I.   conftest.c
configure:4958: $? = 0
configure:4978: result: yes
configure:4993: checking for ctype.h
configure:5000: result: yes
configure:4897: checking errno.h usability
configure:4909: i486-linux-gnu-gcc -c -g -O2  -I.   conftest.c >&5
configure:4915: $? = 0
configure:4919: test -z 
			 || test ! -s conftest.err
configure:4922: $? = 0
configure:4925: test -s conftest.o
configure:4928: $? = 0
configure:4938: result: yes
configure:4942: checking errno.h presence
configure:4952: i486-linux-gnu-gcc -E  -I.   conftest.c
configure:4958: $? = 0
configure:4978: result: yes
configure:4993: checking for errno.h
configure:5000: result: yes
configure:4897: checking syslog.h usability
configure:4909: i486-linux-gnu-gcc -c -g -O2  -I.   conftest.c >&5
configure:4915: $? = 0
configure:4919: test -z 
			 || test ! -s conftest.err
configure:4922: $? = 0
configure:4925: test -s conftest.o
configure:4928: $? = 0
configure:4938: result: yes
configure:4942: checking syslog.h presence
configure:4952: i486-linux-gnu-gcc -E  -I.   conftest.c
configure:4958: $? = 0
configure:4978: result: yes
configure:4993: checking for syslog.h
configure:5000: result: yes
configure:4897: checking pwd.h usability
configure:4909: i486-linux-gnu-gcc -c -g -O2  -I.   conftest.c >&5

## ---------------- ##
## Cache variables. ##
## ---------------- ##

ac_cv_build=i486-pc-linux-gnu
ac_cv_build_alias=i486-linux-gnu
ac_cv_c_compiler_gnu=yes
ac_cv_c_const=yes
ac_cv_c_inline=inline
ac_cv_c_volatile=yes
ac_cv_env_CC_set=
ac_cv_env_CC_value=
ac_cv_env_CFLAGS_set=
ac_cv_env_CFLAGS_value=
ac_cv_env_CPPFLAGS_set=
ac_cv_env_CPPFLAGS_value=
ac_cv_env_CPP_set=
ac_cv_env_CPP_value=
ac_cv_env_LDFLAGS_set=
ac_cv_env_LDFLAGS_value=
ac_cv_env_build_alias_set=set
ac_cv_env_build_alias_value=i486-linux-gnu
ac_cv_env_host_alias_set=set
ac_cv_env_host_alias_value=i486-linux-gnu
ac_cv_env_target_alias_set=
ac_cv_env_target_alias_value=
ac_cv_exeext=
ac_cv_header_ctype_h=yes
ac_cv_header_errno_h=yes
ac_cv_header_fcntl_h=yes
ac_cv_header_inttypes_h=yes
ac_cv_header_memory_h=yes
ac_cv_header_signal_h=yes
ac_cv_header_stdarg_h=yes
ac_cv_header_stdc=yes
ac_cv_header_stdint_h=yes
ac_cv_header_stdio_h=yes
ac_cv_header_stdlib_h=yes
ac_cv_header_string_h=yes
ac_cv_header_strings_h=yes
ac_cv_header_sys_file_h=yes
ac_cv_header_sys_ioctl_h=yes
ac_cv_header_sys_mman_h=yes
ac_cv_header_sys_socket_h=yes
ac_cv_header_sys_stat_h=yes
ac_cv_header_sys_time_h=yes
ac_cv_header_sys_types_h=yes
ac_cv_header_sys_wait_h=yes
ac_cv_header_syslog_h=yes
ac_cv_header_time=yes
ac_cv_header_unistd_h=yes
ac_cv_host=i486-pc-linux-gnu
ac_cv_host_alias=i486-linux-gnu
ac_cv_objext=o
ac_cv_path_IFCONFIG=/sbin/ifconfig
ac_cv_path_IPROUTE=/bin/ip
ac_cv_path_ROUTE=/sbin/route
ac_cv_path_install='/usr/bin/install -c'
ac_cv_prog_AWK=gawk
ac_cv_prog_CC=i486-linux-gnu-gcc
ac_cv_prog_CPP='i486-linux-gnu-gcc -E'
ac_cv_prog_cc_g=yes
ac_cv_prog_cc_stdc=
ac_cv_prog_egrep='grep -E'
ac_cv_prog_gcc_traditional=no
ac_cv_prog_make_make_set=yes
ac_cv_target=i486-pc-linux-gnu
ac_cv_target_alias=i486-linux-gnu
ac_cv_type_off_t=yes
ac_cv_type_pid_t=yes
ac_cv_type_size_t=yes
ac_cv_type_uid_t=yes
am_cv_CC_dependencies_compiler_type=gcc3
ax_cv_cpp_vararg_macro_gcc=yes
ax_cv_cpp_vararg_macro_iso=yes

## ----------------- ##
## Output variables. ##
## ----------------- ##

ACLOCAL='${SHELL} /home/agi/debian/openvpn/openvpn-2.0.5/missing --run aclocal-1.8'
AMDEPBACKSLASH='\'
AMDEP_FALSE='#'
AMDEP_TRUE=''
AMTAR='${SHELL} /home/agi/debian/openvpn/openvpn-2.0.5/missing --run tar'
AUTOCONF='${SHELL} /home/agi/debian/openvpn/openvpn-2.0.5/missing --run autoconf'
AUTOHEADER='${SHELL} /home/agi/debian/openvpn/openvpn-2.0.5/missing --run autoheader'
AUTOMAKE='${SHELL} /home/agi/debian/openvpn/openvpn-2.0.5/missing --run automake-1.8'
AWK='gawk'
CC='i486-linux-gnu-gcc'
CCDEPMODE='depmode=gcc3'
CFLAGS='-g -O2'
CPP='i486-linux-gnu-gcc -E'
CPPFLAGS=' -I.  '
CYGPATH_W='echo'
DEFS=''
DEPDIR='.deps'
ECHO_C=''
ECHO_N='-n'
ECHO_T=''
EGREP='grep -E'
EXEEXT=''
IFCONFIG='/sbin/ifconfig'
INSTALL_DATA='${INSTALL} -m 644'
INSTALL_PROGRAM='${INSTALL}'
INSTALL_SCRIPT='${INSTALL}'
INSTALL_STRIP_PROGRAM='${SHELL} $(install_sh) -c -s'
IPROUTE='/bin/ip'
LDFLAGS=''
LIBOBJS=''
LIBS=''
LTLIBOBJS=''
MAKEINFO='${SHELL} /home/agi/debian/openvpn/openvpn-2.0.5/missing --run makeinfo'
OBJEXT='o'
PACKAGE='openvpn'
PACKAGE_BUGREPORT='openvpn-users@lists.sourceforge.net'
PACKAGE_NAME='OpenVPN'
PACKAGE_STRING='OpenVPN 2.0.5'
PACKAGE_TARNAME='openvpn'
PACKAGE_VERSION='2.0.5'
PATH_SEPARATOR=':'
PTHREAD_CC=''
PTHREAD_CFLAGS=''
PTHREAD_LIBS=''
ROUTE='/sbin/route'
SET_MAKE=''
SHELL='/bin/sh'
STRIP=''
VERSION='2.0.5'
ac_ct_CC=''
ac_ct_STRIP=''
am__fastdepCC_FALSE='#'
am__fastdepCC_TRUE=''
am__include='include'
am__leading_dot='.'
am__quote=''
bindir='${exec_prefix}/bin'
build='i486-pc-linux-gnu'
build_alias='i486-linux-gnu'
build_cpu='i486'
build_os='linux-gnu'
build_vendor='pc'
datadir='${prefix}/share'
exec_prefix='NONE'
host='i486-pc-linux-gnu'
host_alias='i486-linux-gnu'
host_cpu='i486'
host_os='linux-gnu'
host_vendor='pc'
includedir='${prefix}/include'
infodir='${prefix}/info'
install_sh='/home/agi/debian/openvpn/openvpn-2.0.5/install-sh'
libdir='${exec_prefix}/lib'
libexecdir='${exec_prefix}/libexec'
localstatedir='${prefix}/var'
mandir='${prefix}/share/man'
mkdir_p='mkdir -p -- .'
oldincludedir='/usr/include'
prefix='/usr'
program_transform_name='s,x,x,'
sbindir='${exec_prefix}/sbin'
sharedstatedir='${prefix}/com'
sysconfdir='${prefix}/etc'
target='i486-pc-linux-gnu'
target_alias=''
target_cpu='i486'
target_os='linux-gnu'
target_vendor='pc'

## ----------- ##
## confdefs.h. ##
## ----------- ##

#define EMPTY_ARRAY_SIZE 0
#define HAVE_CPP_VARARG_MACRO_GCC 1
#define HAVE_CPP_VARARG_MACRO_ISO 1
#define HAVE_CTYPE_H 1
#define HAVE_ERRNO_H 1
#define HAVE_FCNTL_H 1
#define HAVE_INTTYPES_H 1
#define HAVE_MEMORY_H 1
#define HAVE_SIGNAL_H 1
#define HAVE_STDARG_H 1
#define HAVE_STDINT_H 1
#define HAVE_STDINT_H 1
#define HAVE_STDIO_H 1
#define HAVE_STDLIB_H 1
#define HAVE_STDLIB_H 1
#define HAVE_STRINGS_H 1
#define HAVE_STRINGS_H 1
#define HAVE_STRING_H 1
#define HAVE_STRING_H 1
#define HAVE_SYSLOG_H 1
#define HAVE_SYS_FILE_H 1
#define HAVE_SYS_IOCTL_H 1
#define HAVE_SYS_MMAN_H 1
#define HAVE_SYS_SOCKET_H 1
#define HAVE_SYS_STAT_H 1
#define HAVE_SYS_STAT_H 1
#define HAVE_SYS_TIME_H 1
#define HAVE_SYS_TYPES_H 1
#define HAVE_SYS_WAIT_H 1
#define HAVE_UNISTD_H 1
#define HAVE_UNISTD_H 1
#define IFCONFIG_PATH "/sbin/ifconfig"
#define IPROUTE_PATH "/bin/ip"
#define PACKAGE "openvpn"
#define PACKAGE_BUGREPORT "openvpn-users@lists.sourceforge.net"
#define PACKAGE_NAME "OpenVPN"
#define PACKAGE_STRING "OpenVPN 2.0.5"
#define PACKAGE_TARNAME "openvpn"
#define PACKAGE_VERSION "2.0.5"
#define ROUTE_PATH "/sbin/route"
#define STDC_HEADERS 1
#define TARGET_ALIAS "i486-pc-linux-gnu"
#define TARGET_LINUX 1
#define TIME_WITH_SYS_TIME 1
#define VERSION "2.0.5"

configure: caught signal 2
configure: exit 1
